🐍 精美贪吃蛇游戏服务器启动成功!
🌐 本地访问: http://localhost:12001
🌐 外部访问: https://work-2-kwqfirawkwuyaaaj.prod-runtime.all-hands.dev
📁 服务目录: /workspace/premium-snake-game
🎮 按 Ctrl+C 停止服务器
--------------------------------------------------
[26/May/2025 12:23:11] "GET / HTTP/1.1" 200 -
[26/May/2025 12:23:16] "GET / HTTP/1.1" 304 -
[26/May/2025 12:23:19] "GET / HTTP/1.1" 304 -
[26/May/2025 12:23:23] "GET / HTTP/1.1" 304 -
[26/May/2025 12:23:26] "GET / HTTP/1.1" 304 -
[26/May/2025 12:23:29] "GET / HTTP/1.1" 200 -
[26/May/2025 12:23:30] "GET / HTTP/1.1" 304 -
[26/May/2025 12:23:33] "GET / HTTP/1.1" 304 -
[26/May/2025 12:23:37] "GET / HTTP/1.1" 304 -
[26/May/2025 12:23:40] "GET / HTTP/1.1" 304 -
[26/May/2025 12:23:44] "GET / HTTP/1.1" 304 -
[26/May/2025 12:23:47] "GET / HTTP/1.1" 304 -
[26/May/2025 12:23:50] "GET / HTTP/1.1" 304 -
[26/May/2025 12:23:54] "GET / HTTP/1.1" 304 -
[26/May/2025 12:23:57] "GET / HTTP/1.1" 304 -
[26/May/2025 12:24:01] "GET / HTTP/1.1" 304 -
[26/May/2025 12:24:04] "GET / HTTP/1.1" 304 -
[26/May/2025 12:24:07] "GET / HTTP/1.1" 304 -
[26/May/2025 12:24:11] "GET / HTTP/1.1" 304 -
[26/May/2025 12:24:14] "GET / HTTP/1.1" 304 -
[26/May/2025 12:24:18] "GET / HTTP/1.1" 304 -
[26/May/2025 12:24:21] "GET / HTTP/1.1" 304 -
[26/May/2025 12:24:24] "GET / HTTP/1.1" 304 -
[26/May/2025 12:24:28] "GET / HTTP/1.1" 304 -
[26/May/2025 12:24:32] "GET / HTTP/1.1" 304 -
[26/May/2025 12:24:35] "GET / HTTP/1.1" 304 -
[26/May/2025 12:24:39] "GET / HTTP/1.1" 304 -
[26/May/2025 12:24:42] "GET / HTTP/1.1" 304 -
[26/May/2025 12:24:46] "GET / HTTP/1.1" 304 -
[26/May/2025 12:24:49] "GET / HTTP/1.1" 304 -
[26/May/2025 12:24:53] "GET / HTTP/1.1" 304 -
[26/May/2025 12:24:56] "GET / HTTP/1.1" 304 -
[26/May/2025 12:24:59] "GET / HTTP/1.1" 304 -
[26/May/2025 12:25:03] "GET / HTTP/1.1" 304 -
[26/May/2025 12:25:06] "GET / HTTP/1.1" 304 -
[26/May/2025 12:25:10] "GET / HTTP/1.1" 304 -
[26/May/2025 12:25:13] "GET / HTTP/1.1" 304 -
[26/May/2025 12:25:17] "GET / HTTP/1.1" 304 -
[26/May/2025 12:25:20] "GET / HTTP/1.1" 304 -
[26/May/2025 12:25:23] "GET / HTTP/1.1" 304 -
[26/May/2025 12:25:27] "GET / HTTP/1.1" 304 -
[26/May/2025 12:25:30] "GET / HTTP/1.1" 304 -
[26/May/2025 12:25:34] "GET / HTTP/1.1" 304 -
[26/May/2025 12:25:37] "GET / HTTP/1.1" 304 -
[26/May/2025 12:25:40] "GET / HTTP/1.1" 304 -
[26/May/2025 12:25:44] "GET / HTTP/1.1" 304 -
[26/May/2025 12:25:47] "GET / HTTP/1.1" 304 -
[26/May/2025 12:25:51] "GET / HTTP/1.1" 304 -
[26/May/2025 12:25:54] "GET / HTTP/1.1" 304 -
[26/May/2025 12:25:58] "GET / HTTP/1.1" 304 -
[26/May/2025 12:26:01] "GET / HTTP/1.1" 304 -
[26/May/2025 12:26:05] "GET / HTTP/1.1" 304 -
[26/May/2025 12:26:08] "GET / HTTP/1.1" 304 -
[26/May/2025 12:26:11] "GET / HTTP/1.1" 304 -
[26/May/2025 12:26:16] "GET / HTTP/1.1" 304 -
[26/May/2025 12:26:19] "GET / HTTP/1.1" 304 -
[26/May/2025 12:26:23] "GET / HTTP/1.1" 304 -
[26/May/2025 12:26:26] "GET / HTTP/1.1" 304 -
[26/May/2025 12:26:29] "GET / HTTP/1.1" 304 -
[26/May/2025 12:26:33] "GET / HTTP/1.1" 304 -
[26/May/2025 12:26:36] "GET / HTTP/1.1" 304 -
[26/May/2025 12:26:40] "GET / HTTP/1.1" 304 -
[26/May/2025 12:26:43] "GET / HTTP/1.1" 304 -
[26/May/2025 12:26:47] "GET / HTTP/1.1" 304 -
[26/May/2025 12:26:50] "GET / HTTP/1.1" 304 -
[26/May/2025 12:26:54] "GET / HTTP/1.1" 304 -
[26/May/2025 12:26:57] "GET / HTTP/1.1" 304 -
[26/May/2025 12:27:00] "GET / HTTP/1.1" 304 -
[26/May/2025 12:27:04] "GET / HTTP/1.1" 304 -
[26/May/2025 12:27:07] "GET / HTTP/1.1" 304 -
[26/May/2025 12:27:11] "GET / HTTP/1.1" 304 -
[26/May/2025 12:27:14] "GET / HTTP/1.1" 304 -
[26/May/2025 12:27:18] "GET / HTTP/1.1" 304 -
[26/May/2025 12:27:21] "GET / HTTP/1.1" 304 -
[26/May/2025 12:27:25] "GET / HTTP/1.1" 304 -
[26/May/2025 12:27:28] "GET / HTTP/1.1" 304 -
[26/May/2025 12:27:32] "GET / HTTP/1.1" 304 -
[26/May/2025 12:27:35] "GET / HTTP/1.1" 304 -
[26/May/2025 12:27:39] "GET / HTTP/1.1" 304 -
[26/May/2025 12:27:42] "GET / HTTP/1.1" 304 -
[26/May/2025 12:27:46] "GET / HTTP/1.1" 304 -
[26/May/2025 12:27:49] "GET / HTTP/1.1" 304 -
[26/May/2025 12:27:52] "GET / HTTP/1.1" 304 -
[26/May/2025 12:27:56] "GET / HTTP/1.1" 304 -
[26/May/2025 12:27:59] "GET / HTTP/1.1" 304 -
[26/May/2025 12:28:03] "GET / HTTP/1.1" 304 -
[26/May/2025 12:28:06] "GET / HTTP/1.1" 304 -
[26/May/2025 12:28:09] "GET / HTTP/1.1" 304 -
[26/May/2025 12:28:13] "GET / HTTP/1.1" 304 -
[26/May/2025 12:28:16] "GET / HTTP/1.1" 304 -
[26/May/2025 12:28:20] "GET / HTTP/1.1" 304 -
[26/May/2025 12:28:23] "GET / HTTP/1.1" 304 -
[26/May/2025 12:28:26] "GET / HTTP/1.1" 304 -
[26/May/2025 12:28:30] "GET / HTTP/1.1" 304 -
[26/May/2025 12:28:34] "GET / HTTP/1.1" 304 -
[26/May/2025 12:28:37] "GET / HTTP/1.1" 304 -
[26/May/2025 12:28:40] "GET / HTTP/1.1" 304 -
[26/May/2025 12:28:44] "GET / HTTP/1.1" 304 -
[26/May/2025 12:28:47] "GET / HTTP/1.1" 304 -
[26/May/2025 12:28:51] "GET / HTTP/1.1" 304 -
[26/May/2025 12:28:54] "GET / HTTP/1.1" 304 -
[26/May/2025 12:28:58] "GET / HTTP/1.1" 304 -
[26/May/2025 12:29:01] "GET / HTTP/1.1" 304 -
[26/May/2025 12:29:05] "GET / HTTP/1.1" 304 -
[26/May/2025 12:29:08] "GET / HTTP/1.1" 304 -
[26/May/2025 12:29:12] "GET / HTTP/1.1" 304 -
[26/May/2025 12:29:15] "GET / HTTP/1.1" 304 -
[26/May/2025 12:29:19] "GET / HTTP/1.1" 304 -
[26/May/2025 12:29:22] "GET / HTTP/1.1" 304 -
[26/May/2025 12:29:26] "GET / HTTP/1.1" 304 -
[26/May/2025 12:29:29] "GET / HTTP/1.1" 304 -
[26/May/2025 12:29:32] "GET / HTTP/1.1" 304 -
[26/May/2025 12:29:36] "GET / HTTP/1.1" 304 -
[26/May/2025 12:29:39] "GET / HTTP/1.1" 304 -
[26/May/2025 12:29:43] "GET / HTTP/1.1" 304 -
[26/May/2025 12:29:46] "GET / HTTP/1.1" 304 -
[26/May/2025 12:29:50] "GET / HTTP/1.1" 304 -
[26/May/2025 12:29:53] "GET / HTTP/1.1" 304 -
[26/May/2025 12:29:56] "GET / HTTP/1.1" 304 -
[26/May/2025 12:30:00] "GET / HTTP/1.1" 304 -
[26/May/2025 12:30:04] "GET / HTTP/1.1" 304 -
[26/May/2025 12:30:07] "GET / HTTP/1.1" 304 -
[26/May/2025 12:30:10] "GET / HTTP/1.1" 304 -
[26/May/2025 12:30:14] "GET / HTTP/1.1" 304 -
[26/May/2025 12:30:17] "GET / HTTP/1.1" 304 -
[26/May/2025 12:30:21] "GET / HTTP/1.1" 304 -
[26/May/2025 12:30:25] "GET / HTTP/1.1" 304 -
[26/May/2025 12:30:29] "GET / HTTP/1.1" 304 -
[26/May/2025 12:30:32] "GET / HTTP/1.1" 304 -
[26/May/2025 12:30:36] "GET / HTTP/1.1" 304 -
[26/May/2025 12:30:39] "GET / HTTP/1.1" 304 -
[26/May/2025 12:30:42] "GET / HTTP/1.1" 304 -
[26/May/2025 12:30:46] "GET / HTTP/1.1" 304 -
[26/May/2025 12:30:49] "GET / HTTP/1.1" 304 -
[26/May/2025 12:30:53] "GET / HTTP/1.1" 304 -
[26/May/2025 12:30:56] "GET / HTTP/1.1" 304 -
[26/May/2025 12:30:59] "GET / HTTP/1.1" 304 -
[26/May/2025 12:31:03] "GET / HTTP/1.1" 304 -
[26/May/2025 12:31:06] "GET / HTTP/1.1" 304 -
[26/May/2025 12:31:10] "GET / HTTP/1.1" 304 -
[26/May/2025 12:31:13] "GET / HTTP/1.1" 304 -
[26/May/2025 12:31:16] "GET / HTTP/1.1" 304 -
[26/May/2025 12:31:20] "GET / HTTP/1.1" 304 -
[26/May/2025 12:31:23] "GET / HTTP/1.1" 304 -
[26/May/2025 12:31:27] "GET / HTTP/1.1" 304 -
[26/May/2025 12:31:30] "GET / HTTP/1.1" 304 -
[26/May/2025 12:31:33] "GET / HTTP/1.1" 304 -
[26/May/2025 12:31:37] "GET / HTTP/1.1" 304 -
[26/May/2025 12:31:41] "GET / HTTP/1.1" 304 -
[26/May/2025 12:31:44] "GET / HTTP/1.1" 304 -
[26/May/2025 12:31:48] "GET / HTTP/1.1" 304 -
[26/May/2025 12:31:51] "GET / HTTP/1.1" 304 -
[26/May/2025 12:31:55] "GET / HTTP/1.1" 304 -
[26/May/2025 12:31:58] "GET / HTTP/1.1" 304 -
[26/May/2025 12:32:02] "GET / HTTP/1.1" 304 -
[26/May/2025 12:32:05] "GET / HTTP/1.1" 304 -
[26/May/2025 12:32:09] "GET / HTTP/1.1" 304 -
[26/May/2025 12:32:12] "GET / HTTP/1.1" 304 -
[26/May/2025 12:32:15] "GET / HTTP/1.1" 304 -
[26/May/2025 12:32:19] "GET / HTTP/1.1" 304 -
[26/May/2025 12:32:22] "GET / HTTP/1.1" 304 -
[26/May/2025 12:32:26] "GET / HTTP/1.1" 304 -
[26/May/2025 12:32:29] "GET / HTTP/1.1" 304 -
[26/May/2025 12:32:32] "GET / HTTP/1.1" 304 -
[26/May/2025 12:32:36] "GET / HTTP/1.1" 304 -
[26/May/2025 12:32:39] "GET / HTTP/1.1" 304 -
[26/May/2025 12:32:43] "GET / HTTP/1.1" 304 -
[26/May/2025 12:32:46] "GET / HTTP/1.1" 304 -
[26/May/2025 12:32:49] "GET / HTTP/1.1" 304 -
[26/May/2025 12:32:53] "GET / HTTP/1.1" 304 -
[26/May/2025 12:32:56] "GET / HTTP/1.1" 304 -
[26/May/2025 12:33:00] "GET / HTTP/1.1" 304 -
